Arguments: 
  C:\Program Files\nodejs\node.exe C:\Users\EDY\AppData\Roaming\npm\node_modules\yarn\bin\yarn.js add @vue/pwa

PATH: 
  ;C:\Users\EDY\AppData\Local\Yarn\bin;C:\ProgramData\chocolatey\bin;C:\Users\EDY\AppData\Roaming\nvm;C:\Program Files\nodejs;C:\Program Files\Microsoft VS Code\bin;C:\Users\EDY\AppData\Local\Yarn\bin;C:\Users\EDY\AppData\Roaming\npm;C:\Users\EDY\AppData\Roaming\nvm;C:\Program Files\nodejs

Yarn version: 
  1.22.19

Node version: 
  16.14.0

Platform: 
  win32 x64

Trace: 
  Error: https://registry.yarnpkg.com/@vue%2fpwa: Not found
      at Request.params.callback [as _callback] (C:\Users\EDY\AppData\Roaming\npm\node_modules\yarn\lib\cli.js:66145:18)
      at Request.self.callback (C:\Users\EDY\AppData\Roaming\npm\node_modules\yarn\lib\cli.js:140890:22)
      at Request.emit (node:events:520:28)
      at Request.<anonymous> (C:\Users\EDY\AppData\Roaming\npm\node_modules\yarn\lib\cli.js:141862:10)
      at Request.emit (node:events:520:28)
      at IncomingMessage.<anonymous> (C:\Users\EDY\AppData\Roaming\npm\node_modules\yarn\lib\cli.js:141784:12)
      at Object.onceWrapper (node:events:639:28)
      at IncomingMessage.emit (node:events:532:35)
      at endReadableNT (node:internal/streams/readable:1346:12)
      at processTicksAndRejections (node:internal/process/task_queues:83:21)

npm manifest: 
  {
    "dependencies": {
      "dayjs": "^1.11.10",
      "vue-country-intl": "^1.1.4"
    }
  }

yarn manifest: 
  No manifest

Lockfile: 
  No lockfile
